<?xml version="1.0" encoding="UTF-8"?>
<!-- Generated by org.testng.reporters.JUnitReportReporter -->
<testsuite skipped="0" hostname="LAPTOP-3LM0TE9V" name="com.employeeapi.tests.TC001_Get_All_Employees" tests="4" failures="0" timestamp="03 Aug 2019 08:02:04 GMT" time="0.324" errors="0">
  <testcase name="checkStatusCode" time="0.001" classname="com.employeeapi.tests.TC001_Get_All_Employees"/>
  <testcase name="checkStatusLine" time="0.000" classname="com.employeeapi.tests.TC001_Get_All_Employees"/>
  <testcase name="checkResponseBody" time="0.311" classname="com.employeeapi.tests.TC001_Get_All_Employees"/>
  <testcase name="checkHeader" time="0.012" classname="com.employeeapi.tests.TC001_Get_All_Employees"/>
</testsuite> <!-- com.employeeapi.tests.TC001_Get_All_Employees -->
