<?xml version="1.0" encoding="UTF-8"?>
<!-- Generated by org.testng.reporters.JUnitReportReporter -->
<testsuite skipped="0" hostname="LAPTOP-3LM0TE9V" name="com.employeeapi.tests.TC002_Get_Single_Employee_Record" tests="4" failures="0" timestamp="03 Aug 2019 08:02:04 GMT" time="0.014" errors="0">
  <testcase name="checkStatusLine" time="0.004" classname="com.employeeapi.tests.TC002_Get_Single_Employee_Record"/>
  <testcase name="checkResponseBody" time="0.003" classname="com.employeeapi.tests.TC002_Get_Single_Employee_Record"/>
  <testcase name="checkHeader" time="0.004" classname="com.employeeapi.tests.TC002_Get_Single_Employee_Record"/>
  <testcase name="checkStatusCode" time="0.003" classname="com.employeeapi.tests.TC002_Get_Single_Employee_Record"/>
</testsuite> <!-- com.employeeapi.tests.TC002_Get_Single_Employee_Record -->
