<?xml version="1.0" encoding="UTF-8"?>
<!-- Generated by org.testng.reporters.JUnitReportReporter -->
<testsuite skipped="0" hostname="LAPTOP-3LM0TE9V" name="com.employeeapi.tests.TC003_Post_Employee_Record" tests="4" failures="0" timestamp="03 Aug 2019 09:32:57 GMT" time="0.003" errors="0">
  <testcase name="checkHeader" time="0.001" classname="com.employeeapi.tests.TC003_Post_Employee_Record"/>
  <testcase name="checkStatusLine" time="0.000" classname="com.employeeapi.tests.TC003_Post_Employee_Record"/>
  <testcase name="checkResponseBody" time="0.002" classname="com.employeeapi.tests.TC003_Post_Employee_Record"/>
  <testcase name="checkStatusCode" time="0.000" classname="com.employeeapi.tests.TC003_Post_Employee_Record"/>
</testsuite> <!-- com.employeeapi.tests.TC003_Post_Employee_Record -->
